[22-May-2025 06:19:34 Europe/Berlin] No student data rows found in POST based on 'sX' keys.
[22-May-2025 07:47:08 Europe/Berlin] No student data rows found in POST based on 'sX' keys.
[22-May-2025 07:48:59 Europe/Berlin] No student data rows found in POST based on 'sX' keys.
[22-May-2025 08:03:18 Europe/Berlin] No student data rows found in POST based on 'sX' keys.
[22-May-2025 08:04:23 Europe/Berlin] No student data rows found in POST based on 'sX' keys.
[22-May-2025 08:05:19 Europe/Berlin] No student data rows found in POST based on 'sX' keys.
[22-May-2025 08:06:30 Europe/Berlin] No student data rows found in POST based on 'sX' keys.
[22-May-2025 08:09:23 Europe/Berlin] No student data rows found in POST based on 'sX' keys.
[22-May-2025 08:18:27 Europe/Berlin] Invalid TINYINT UNSIGNED value received: '<br /><b>Deprecated</b>:  htmlspecialchars(): Passing null to parameter #1 ($string) of type string is deprecated in <b>C:\xampp\htdocs\3100_project\process_CT_Mark.php</b> on line <b>75</b><br />'. Returning NULL.
[22-May-2025 08:18:27 Europe/Berlin] Invalid TINYINT UNSIGNED value received: '<br /><b>Deprecated</b>:  htmlspecialchars(): Passing null to parameter #1 ($string) of type string is deprecated in <b>C:\xampp\htdocs\3100_project\process_CT_Mark.php</b> on line <b>75</b><br />'. Returning NULL.
[22-May-2025 08:18:27 Europe/Berlin] Invalid TINYINT UNSIGNED value received: '<br /><b>Deprecated</b>:  htmlspecialchars(): Passing null to parameter #1 ($string) of type string is deprecated in <b>C:\xampp\htdocs\3100_project\process_CT_Mark.php</b> on line <b>75</b><br />'. Returning NULL.
[22-May-2025 08:18:27 Europe/Berlin] Invalid TINYINT UNSIGNED value received: '<br /><b>Deprecated</b>:  htmlspecialchars(): Passing null to parameter #1 ($string) of type string is deprecated in <b>C:\xampp\htdocs\3100_project\process_CT_Mark.php</b> on line <b>75</b><br />'. Returning NULL.
[22-May-2025 08:18:27 Europe/Berlin] Invalid TINYINT UNSIGNED value received: '<br /><b>Deprecated</b>:  htmlspecialchars(): Passing null to parameter #1 ($string) of type string is deprecated in <b>C:\xampp\htdocs\3100_project\process_CT_Mark.php</b> on line <b>75</b><br />'. Returning NULL.
[22-May-2025 08:18:27 Europe/Berlin] Invalid TINYINT UNSIGNED value received: '<br /><b>Deprecated</b>:  htmlspecialchars(): Passing null to parameter #1 ($string) of type string is deprecated in <b>C:\xampp\htdocs\3100_project\process_CT_Mark.php</b> on line <b>75</b><br />'. Returning NULL.
[22-May-2025 08:18:27 Europe/Berlin] Invalid TINYINT UNSIGNED value received: '<br /><b>Deprecated</b>:  htmlspecialchars(): Passing null to parameter #1 ($string) of type string is deprecated in <b>C:\xampp\htdocs\3100_project\process_CT_Mark.php</b> on line <b>75</b><br />'. Returning NULL.
[22-May-2025 08:18:27 Europe/Berlin] Invalid TINYINT UNSIGNED value received: '<br /><b>Deprecated</b>:  htmlspecialchars(): Passing null to parameter #1 ($string) of type string is deprecated in <b>C:\xampp\htdocs\3100_project\process_CT_Mark.php</b> on line <b>75</b><br />'. Returning NULL.
[22-May-2025 08:18:27 Europe/Berlin] Invalid TINYINT UNSIGNED value received: '<br /><b>Deprecated</b>:  htmlspecialchars(): Passing null to parameter #1 ($string) of type string is deprecated in <b>C:\xampp\htdocs\3100_project\process_CT_Mark.php</b> on line <b>75</b><br />'. Returning NULL.
[22-May-2025 08:18:27 Europe/Berlin] Invalid TINYINT UNSIGNED value received: '<br /><b>Deprecated</b>:  htmlspecialchars(): Passing null to parameter #1 ($string) of type string is deprecated in <b>C:\xampp\htdocs\3100_project\process_CT_Mark.php</b> on line <b>75</b><br />'. Returning NULL.
[22-May-2025 08:18:27 Europe/Berlin] Invalid TINYINT UNSIGNED value received: '<br /><b>Deprecated</b>:  htmlspecialchars(): Passing null to parameter #1 ($string) of type string is deprecated in <b>C:\xampp\htdocs\3100_project\process_CT_Mark.php</b> on line <b>75</b><br />'. Returning NULL.
[22-May-2025 08:18:27 Europe/Berlin] Invalid TINYINT UNSIGNED value received: '<br /><b>Deprecated</b>:  htmlspecialchars(): Passing null to parameter #1 ($string) of type string is deprecated in <b>C:\xampp\htdocs\3100_project\process_CT_Mark.php</b> on line <b>75</b><br />'. Returning NULL.
[22-May-2025 08:18:27 Europe/Berlin] Invalid TINYINT UNSIGNED value received: '<br /><b>Deprecated</b>:  htmlspecialchars(): Passing null to parameter #1 ($string) of type string is deprecated in <b>C:\xampp\htdocs\3100_project\process_CT_Mark.php</b> on line <b>75</b><br />'. Returning NULL.
[22-May-2025 08:18:27 Europe/Berlin] Invalid TINYINT UNSIGNED value received: '<br /><b>Deprecated</b>:  htmlspecialchars(): Passing null to parameter #1 ($string) of type string is deprecated in <b>C:\xampp\htdocs\3100_project\process_CT_Mark.php</b> on line <b>75</b><br />'. Returning NULL.
[22-May-2025 08:18:27 Europe/Berlin] Skipping student row starting with key 's1': Invalid roll number '0'
[22-May-2025 08:19:34 Europe/Berlin] Invalid TINYINT UNSIGNED value received: '<br /><b>Deprecated</b>:  htmlspecialchars(): Passing null to parameter #1 ($string) of type string is deprecated in <b>C:\xampp\htdocs\3100_project\process_CT_Mark.php</b> on line <b>75</b><br />'. Returning NULL.
[22-May-2025 08:19:34 Europe/Berlin] Invalid TINYINT UNSIGNED value received: '<br /><b>Deprecated</b>:  htmlspecialchars(): Passing null to parameter #1 ($string) of type string is deprecated in <b>C:\xampp\htdocs\3100_project\process_CT_Mark.php</b> on line <b>75</b><br />'. Returning NULL.
[22-May-2025 08:19:34 Europe/Berlin] Invalid TINYINT UNSIGNED value received: '<br /><b>Deprecated</b>:  htmlspecialchars(): Passing null to parameter #1 ($string) of type string is deprecated in <b>C:\xampp\htdocs\3100_project\process_CT_Mark.php</b> on line <b>75</b><br />'. Returning NULL.
[22-May-2025 08:19:34 Europe/Berlin] Invalid TINYINT UNSIGNED value received: '<br /><b>Deprecated</b>:  htmlspecialchars(): Passing null to parameter #1 ($string) of type string is deprecated in <b>C:\xampp\htdocs\3100_project\process_CT_Mark.php</b> on line <b>75</b><br />'. Returning NULL.
[22-May-2025 08:19:34 Europe/Berlin] Invalid TINYINT UNSIGNED value received: '<br /><b>Deprecated</b>:  htmlspecialchars(): Passing null to parameter #1 ($string) of type string is deprecated in <b>C:\xampp\htdocs\3100_project\process_CT_Mark.php</b> on line <b>75</b><br />'. Returning NULL.
[22-May-2025 08:19:34 Europe/Berlin] Invalid TINYINT UNSIGNED value received: '<br /><b>Deprecated</b>:  htmlspecialchars(): Passing null to parameter #1 ($string) of type string is deprecated in <b>C:\xampp\htdocs\3100_project\process_CT_Mark.php</b> on line <b>75</b><br />'. Returning NULL.
[22-May-2025 08:19:34 Europe/Berlin] Invalid TINYINT UNSIGNED value received: '<br /><b>Deprecated</b>:  htmlspecialchars(): Passing null to parameter #1 ($string) of type string is deprecated in <b>C:\xampp\htdocs\3100_project\process_CT_Mark.php</b> on line <b>75</b><br />'. Returning NULL.
[22-May-2025 08:19:34 Europe/Berlin] Invalid TINYINT UNSIGNED value received: '<br /><b>Deprecated</b>:  htmlspecialchars(): Passing null to parameter #1 ($string) of type string is deprecated in <b>C:\xampp\htdocs\3100_project\process_CT_Mark.php</b> on line <b>75</b><br />'. Returning NULL.
[22-May-2025 08:19:34 Europe/Berlin] Invalid TINYINT UNSIGNED value received: '<br /><b>Deprecated</b>:  htmlspecialchars(): Passing null to parameter #1 ($string) of type string is deprecated in <b>C:\xampp\htdocs\3100_project\process_CT_Mark.php</b> on line <b>75</b><br />'. Returning NULL.
[22-May-2025 08:19:34 Europe/Berlin] Invalid TINYINT UNSIGNED value received: '<br /><b>Deprecated</b>:  htmlspecialchars(): Passing null to parameter #1 ($string) of type string is deprecated in <b>C:\xampp\htdocs\3100_project\process_CT_Mark.php</b> on line <b>75</b><br />'. Returning NULL.
[22-May-2025 08:19:34 Europe/Berlin] Invalid TINYINT UNSIGNED value received: '<br /><b>Deprecated</b>:  htmlspecialchars(): Passing null to parameter #1 ($string) of type string is deprecated in <b>C:\xampp\htdocs\3100_project\process_CT_Mark.php</b> on line <b>75</b><br />'. Returning NULL.
[22-May-2025 08:19:34 Europe/Berlin] Invalid TINYINT UNSIGNED value received: '<br /><b>Deprecated</b>:  htmlspecialchars(): Passing null to parameter #1 ($string) of type string is deprecated in <b>C:\xampp\htdocs\3100_project\process_CT_Mark.php</b> on line <b>75</b><br />'. Returning NULL.
[22-May-2025 08:19:34 Europe/Berlin] Invalid TINYINT UNSIGNED value received: '<br /><b>Deprecated</b>:  htmlspecialchars(): Passing null to parameter #1 ($string) of type string is deprecated in <b>C:\xampp\htdocs\3100_project\process_CT_Mark.php</b> on line <b>75</b><br />'. Returning NULL.
[22-May-2025 08:19:34 Europe/Berlin] Invalid TINYINT UNSIGNED value received: '<br /><b>Deprecated</b>:  htmlspecialchars(): Passing null to parameter #1 ($string) of type string is deprecated in <b>C:\xampp\htdocs\3100_project\process_CT_Mark.php</b> on line <b>75</b><br />'. Returning NULL.
[22-May-2025 08:19:34 Europe/Berlin] Skipping student row starting with key 's1': Invalid roll number '0'
[22-May-2025 08:19:48 Europe/Berlin] Invalid TINYINT UNSIGNED value received: '<br /><b>Deprecated</b>:  htmlspecialchars(): Passing null to parameter #1 ($string) of type string is deprecated in <b>C:\xampp\htdocs\3100_project\process_CT_Mark.php</b> on line <b>75</b><br />'. Returning NULL.
[22-May-2025 08:19:48 Europe/Berlin] Invalid TINYINT UNSIGNED value received: '<br /><b>Deprecated</b>:  htmlspecialchars(): Passing null to parameter #1 ($string) of type string is deprecated in <b>C:\xampp\htdocs\3100_project\process_CT_Mark.php</b> on line <b>75</b><br />'. Returning NULL.
[22-May-2025 08:19:48 Europe/Berlin] Invalid TINYINT UNSIGNED value received: '<br /><b>Deprecated</b>:  htmlspecialchars(): Passing null to parameter #1 ($string) of type string is deprecated in <b>C:\xampp\htdocs\3100_project\process_CT_Mark.php</b> on line <b>75</b><br />'. Returning NULL.
[22-May-2025 08:19:48 Europe/Berlin] Invalid TINYINT UNSIGNED value received: '<br /><b>Deprecated</b>:  htmlspecialchars(): Passing null to parameter #1 ($string) of type string is deprecated in <b>C:\xampp\htdocs\3100_project\process_CT_Mark.php</b> on line <b>75</b><br />'. Returning NULL.
[22-May-2025 08:19:48 Europe/Berlin] Invalid TINYINT UNSIGNED value received: '<br /><b>Deprecated</b>:  htmlspecialchars(): Passing null to parameter #1 ($string) of type string is deprecated in <b>C:\xampp\htdocs\3100_project\process_CT_Mark.php</b> on line <b>75</b><br />'. Returning NULL.
[22-May-2025 08:19:48 Europe/Berlin] Invalid TINYINT UNSIGNED value received: '<br /><b>Deprecated</b>:  htmlspecialchars(): Passing null to parameter #1 ($string) of type string is deprecated in <b>C:\xampp\htdocs\3100_project\process_CT_Mark.php</b> on line <b>75</b><br />'. Returning NULL.
[22-May-2025 08:19:48 Europe/Berlin] Invalid TINYINT UNSIGNED value received: '<br /><b>Deprecated</b>:  htmlspecialchars(): Passing null to parameter #1 ($string) of type string is deprecated in <b>C:\xampp\htdocs\3100_project\process_CT_Mark.php</b> on line <b>75</b><br />'. Returning NULL.
[22-May-2025 08:19:48 Europe/Berlin] Invalid TINYINT UNSIGNED value received: '<br /><b>Deprecated</b>:  htmlspecialchars(): Passing null to parameter #1 ($string) of type string is deprecated in <b>C:\xampp\htdocs\3100_project\process_CT_Mark.php</b> on line <b>75</b><br />'. Returning NULL.
[22-May-2025 08:19:48 Europe/Berlin] Invalid TINYINT UNSIGNED value received: '<br /><b>Deprecated</b>:  htmlspecialchars(): Passing null to parameter #1 ($string) of type string is deprecated in <b>C:\xampp\htdocs\3100_project\process_CT_Mark.php</b> on line <b>75</b><br />'. Returning NULL.
[22-May-2025 08:19:48 Europe/Berlin] Invalid TINYINT UNSIGNED value received: '<br /><b>Deprecated</b>:  htmlspecialchars(): Passing null to parameter #1 ($string) of type string is deprecated in <b>C:\xampp\htdocs\3100_project\process_CT_Mark.php</b> on line <b>75</b><br />'. Returning NULL.
[22-May-2025 08:19:48 Europe/Berlin] Invalid TINYINT UNSIGNED value received: '<br /><b>Deprecated</b>:  htmlspecialchars(): Passing null to parameter #1 ($string) of type string is deprecated in <b>C:\xampp\htdocs\3100_project\process_CT_Mark.php</b> on line <b>75</b><br />'. Returning NULL.
[22-May-2025 08:19:48 Europe/Berlin] Invalid TINYINT UNSIGNED value received: '<br /><b>Deprecated</b>:  htmlspecialchars(): Passing null to parameter #1 ($string) of type string is deprecated in <b>C:\xampp\htdocs\3100_project\process_CT_Mark.php</b> on line <b>75</b><br />'. Returning NULL.
[22-May-2025 08:19:48 Europe/Berlin] Invalid TINYINT UNSIGNED value received: '<br /><b>Deprecated</b>:  htmlspecialchars(): Passing null to parameter #1 ($string) of type string is deprecated in <b>C:\xampp\htdocs\3100_project\process_CT_Mark.php</b> on line <b>75</b><br />'. Returning NULL.
[22-May-2025 08:19:48 Europe/Berlin] Invalid TINYINT UNSIGNED value received: '<br /><b>Deprecated</b>:  htmlspecialchars(): Passing null to parameter #1 ($string) of type string is deprecated in <b>C:\xampp\htdocs\3100_project\process_CT_Mark.php</b> on line <b>75</b><br />'. Returning NULL.
[22-May-2025 08:19:48 Europe/Berlin] Invalid TINYINT UNSIGNED value received: '<br /><b>Deprecated</b>:  htmlspecialchars(): Passing null to parameter #1 ($string) of type string is deprecated in <b>C:\xampp\htdocs\3100_project\process_CT_Mark.php</b> on line <b>75</b><br />'. Returning NULL.
[22-May-2025 08:19:48 Europe/Berlin] Invalid TINYINT UNSIGNED value received: '<br /><b>Deprecated</b>:  htmlspecialchars(): Passing null to parameter #1 ($string) of type string is deprecated in <b>C:\xampp\htdocs\3100_project\process_CT_Mark.php</b> on line <b>75</b><br />'. Returning NULL.
[22-May-2025 08:19:48 Europe/Berlin] Skipping student row starting with key 's1': Invalid roll number '0'
[22-May-2025 08:22:47 Europe/Berlin] Skipping student row starting with key 's1': Invalid roll number '0'
[22-May-2025 10:51:19 Europe/Berlin] PHP Warning:  include(db_connection.php): Failed to open stream: No such file or directory in C:\xampp\htdocs\3100_project\drop_lowest_ct_mark.php on line 6
[22-May-2025 10:51:19 Europe/Berlin] PHP Warning:  include(): Failed opening 'db_connection.php' for inclusion (include_path='C:\xampp\php\PEAR') in C:\xampp\htdocs\3100_project\drop_lowest_ct_mark.php on line 6
[22-May-2025 10:51:19 Europe/Berlin] PHP Fatal error:  Uncaught Error: mysqli object is already closed in C:\xampp\htdocs\3100_project\Upload_CT_Mark.php:71
Stack trace:
#0 C:\xampp\htdocs\3100_project\Upload_CT_Mark.php(71): mysqli->prepare('INSERT INTO ece...')
#1 {main}
  thrown in C:\xampp\htdocs\3100_project\Upload_CT_Mark.php on line 71
[22-May-2025 10:53:15 Europe/Berlin] PHP Warning:  include(db_connection.php): Failed to open stream: No such file or directory in C:\xampp\htdocs\3100_project\drop_lowest_ct_mark.php on line 6
[22-May-2025 10:53:15 Europe/Berlin] PHP Warning:  include(): Failed opening 'db_connection.php' for inclusion (include_path='C:\xampp\php\PEAR') in C:\xampp\htdocs\3100_project\drop_lowest_ct_mark.php on line 6
[22-May-2025 10:53:15 Europe/Berlin] PHP Fatal error:  Uncaught Error: mysqli object is already closed in C:\xampp\htdocs\3100_project\Upload_CT_Mark.php:315
Stack trace:
#0 C:\xampp\htdocs\3100_project\Upload_CT_Mark.php(315): mysqli->close()
#1 {main}
  thrown in C:\xampp\htdocs\3100_project\Upload_CT_Mark.php on line 315
[22-May-2025 11:10:19 Europe/Berlin] PHP Warning:  include(db_connection.php): Failed to open stream: No such file or directory in C:\xampp\htdocs\3100_project\drop_lowest_ct_mark.php on line 3
[22-May-2025 11:10:19 Europe/Berlin] PHP Warning:  include(): Failed opening 'db_connection.php' for inclusion (include_path='C:\xampp\php\PEAR') in C:\xampp\htdocs\3100_project\drop_lowest_ct_mark.php on line 3
[22-May-2025 11:10:19 Europe/Berlin] PHP Warning:  Undefined variable $connection in C:\xampp\htdocs\3100_project\drop_lowest_ct_mark.php on line 15
[22-May-2025 11:10:19 Europe/Berlin] PHP Fatal error:  Uncaught Error: Call to a member function query() on null in C:\xampp\htdocs\3100_project\drop_lowest_ct_mark.php:15
Stack trace:
#0 C:\xampp\htdocs\3100_project\Upload_CT_Mark.php(311): include()
#1 {main}
  thrown in C:\xampp\htdocs\3100_project\drop_lowest_ct_mark.php on line 15
[22-May-2025 11:10:28 Europe/Berlin] PHP Warning:  include(db_connection.php): Failed to open stream: No such file or directory in C:\xampp\htdocs\3100_project\drop_lowest_ct_mark.php on line 3
[22-May-2025 11:10:28 Europe/Berlin] PHP Warning:  include(): Failed opening 'db_connection.php' for inclusion (include_path='C:\xampp\php\PEAR') in C:\xampp\htdocs\3100_project\drop_lowest_ct_mark.php on line 3
[22-May-2025 11:10:28 Europe/Berlin] PHP Warning:  Undefined variable $connection in C:\xampp\htdocs\3100_project\drop_lowest_ct_mark.php on line 15
[22-May-2025 11:10:28 Europe/Berlin] PHP Fatal error:  Uncaught Error: Call to a member function query() on null in C:\xampp\htdocs\3100_project\drop_lowest_ct_mark.php:15
Stack trace:
#0 C:\xampp\htdocs\3100_project\Upload_CT_Mark.php(311): include()
#1 {main}
  thrown in C:\xampp\htdocs\3100_project\drop_lowest_ct_mark.php on line 15
[22-May-2025 11:10:44 Europe/Berlin] PHP Warning:  include(db_connection.php): Failed to open stream: No such file or directory in C:\xampp\htdocs\3100_project\drop_lowest_ct_mark.php on line 3
[22-May-2025 11:10:44 Europe/Berlin] PHP Warning:  include(): Failed opening 'db_connection.php' for inclusion (include_path='C:\xampp\php\PEAR') in C:\xampp\htdocs\3100_project\drop_lowest_ct_mark.php on line 3
[22-May-2025 11:10:44 Europe/Berlin] PHP Warning:  Undefined variable $connection in C:\xampp\htdocs\3100_project\drop_lowest_ct_mark.php on line 15
[22-May-2025 11:10:44 Europe/Berlin] PHP Fatal error:  Uncaught Error: Call to a member function query() on null in C:\xampp\htdocs\3100_project\drop_lowest_ct_mark.php:15
Stack trace:
#0 C:\xampp\htdocs\3100_project\Upload_CT_Mark.php(311): include()
#1 {main}
  thrown in C:\xampp\htdocs\3100_project\drop_lowest_ct_mark.php on line 15
[22-May-2025 11:13:21 Europe/Berlin] PHP Warning:  include(db_connection.php): Failed to open stream: No such file or directory in C:\xampp\htdocs\3100_project\drop_lowest_ct_mark.php on line 6
[22-May-2025 11:13:21 Europe/Berlin] PHP Warning:  include(): Failed opening 'db_connection.php' for inclusion (include_path='C:\xampp\php\PEAR') in C:\xampp\htdocs\3100_project\drop_lowest_ct_mark.php on line 6
[22-May-2025 11:13:21 Europe/Berlin] PHP Fatal error:  Uncaught Error: mysqli object is already closed in C:\xampp\htdocs\3100_project\Upload_CT_Mark.php:315
Stack trace:
#0 C:\xampp\htdocs\3100_project\Upload_CT_Mark.php(315): mysqli->close()
#1 {main}
  thrown in C:\xampp\htdocs\3100_project\Upload_CT_Mark.php on line 315
[22-May-2025 11:13:57 Europe/Berlin] PHP Warning:  include(db_connection.php): Failed to open stream: No such file or directory in C:\xampp\htdocs\3100_project\drop_lowest_ct_mark.php on line 6
[22-May-2025 11:13:57 Europe/Berlin] PHP Warning:  include(): Failed opening 'db_connection.php' for inclusion (include_path='C:\xampp\php\PEAR') in C:\xampp\htdocs\3100_project\drop_lowest_ct_mark.php on line 6
[22-May-2025 11:13:57 Europe/Berlin] PHP Fatal error:  Uncaught Error: mysqli object is already closed in C:\xampp\htdocs\3100_project\Upload_CT_Mark.php:315
Stack trace:
#0 C:\xampp\htdocs\3100_project\Upload_CT_Mark.php(315): mysqli->close()
#1 {main}
  thrown in C:\xampp\htdocs\3100_project\Upload_CT_Mark.php on line 315
[22-May-2025 11:17:55 Europe/Berlin] PHP Warning:  include(db_connection.php): Failed to open stream: No such file or directory in C:\xampp\htdocs\3100_project\drop_lowest_ct_mark.php on line 6
[22-May-2025 11:17:55 Europe/Berlin] PHP Warning:  include(): Failed opening 'db_connection.php' for inclusion (include_path='C:\xampp\php\PEAR') in C:\xampp\htdocs\3100_project\drop_lowest_ct_mark.php on line 6
[22-May-2025 11:17:55 Europe/Berlin] PHP Fatal error:  Uncaught Error: mysqli object is already closed in C:\xampp\htdocs\3100_project\Upload_CT_Mark.php:315
Stack trace:
#0 C:\xampp\htdocs\3100_project\Upload_CT_Mark.php(315): mysqli->close()
#1 {main}
  thrown in C:\xampp\htdocs\3100_project\Upload_CT_Mark.php on line 315
[05-Jun-2025 06:10:19 Europe/Berlin] PHP Warning:  include(db_connection.php): Failed to open stream: No such file or directory in C:\xampp\htdocs\3100_project\drop_lowest_ct_mark.php on line 6
[05-Jun-2025 06:10:19 Europe/Berlin] PHP Warning:  include(): Failed opening 'db_connection.php' for inclusion (include_path='C:\xampp\php\PEAR') in C:\xampp\htdocs\3100_project\drop_lowest_ct_mark.php on line 6
[05-Jun-2025 06:13:42 Europe/Berlin] PHP Warning:  include(db_connection.php): Failed to open stream: No such file or directory in C:\xampp\htdocs\3100_project\drop_lowest_ct_mark.php on line 6
[05-Jun-2025 06:13:42 Europe/Berlin] PHP Warning:  include(): Failed opening 'db_connection.php' for inclusion (include_path='C:\xampp\php\PEAR') in C:\xampp\htdocs\3100_project\drop_lowest_ct_mark.php on line 6
[05-Jun-2025 06:17:53 Europe/Berlin] PHP Warning:  include(db_connection.php): Failed to open stream: No such file or directory in C:\xampp\htdocs\3100_project\drop_lowest_ct_mark.php on line 6
[05-Jun-2025 06:17:53 Europe/Berlin] PHP Warning:  include(): Failed opening 'db_connection.php' for inclusion (include_path='C:\xampp\php\PEAR') in C:\xampp\htdocs\3100_project\drop_lowest_ct_mark.php on line 6
[05-Jun-2025 06:29:01 Europe/Berlin] PHP Warning:  include(db_connection.php): Failed to open stream: No such file or directory in C:\xampp\htdocs\3100_project\drop_lowest_ct_mark.php on line 6
[05-Jun-2025 06:29:01 Europe/Berlin] PHP Warning:  include(): Failed opening 'db_connection.php' for inclusion (include_path='C:\xampp\php\PEAR') in C:\xampp\htdocs\3100_project\drop_lowest_ct_mark.php on line 6
[05-Jun-2025 06:29:21 Europe/Berlin] PHP Warning:  include(db_connection.php): Failed to open stream: No such file or directory in C:\xampp\htdocs\3100_project\drop_lowest_ct_mark.php on line 6
[05-Jun-2025 06:29:21 Europe/Berlin] PHP Warning:  include(): Failed opening 'db_connection.php' for inclusion (include_path='C:\xampp\php\PEAR') in C:\xampp\htdocs\3100_project\drop_lowest_ct_mark.php on line 6
[05-Jun-2025 06:38:36 Europe/Berlin] PHP Warning:  include(db_connection.php): Failed to open stream: No such file or directory in C:\xampp\htdocs\3100_project\drop_lowest_ct_mark.php on line 6
[05-Jun-2025 06:38:36 Europe/Berlin] PHP Warning:  include(): Failed opening 'db_connection.php' for inclusion (include_path='C:\xampp\php\PEAR') in C:\xampp\htdocs\3100_project\drop_lowest_ct_mark.php on line 6
[05-Jun-2025 06:40:01 Europe/Berlin] PHP Warning:  include(db_connection.php): Failed to open stream: No such file or directory in C:\xampp\htdocs\3100_project\drop_lowest_ct_mark.php on line 6
[05-Jun-2025 06:40:01 Europe/Berlin] PHP Warning:  include(): Failed opening 'db_connection.php' for inclusion (include_path='C:\xampp\php\PEAR') in C:\xampp\htdocs\3100_project\drop_lowest_ct_mark.php on line 6
[05-Jun-2025 06:45:55 Europe/Berlin] PHP Warning:  include(db_connection.php): Failed to open stream: No such file or directory in C:\xampp\htdocs\3100_project\drop_lowest_ct_mark.php on line 6
[05-Jun-2025 06:45:55 Europe/Berlin] PHP Warning:  include(): Failed opening 'db_connection.php' for inclusion (include_path='C:\xampp\php\PEAR') in C:\xampp\htdocs\3100_project\drop_lowest_ct_mark.php on line 6
[02-Jul-2025 18:10:04 Europe/Berlin] PHP Warning:  include(db_connection.php): Failed to open stream: No such file or directory in C:\xampp\htdocs\Sem_project\drop_lowest_ct_mark.php on line 6
[02-Jul-2025 18:10:04 Europe/Berlin] PHP Warning:  include(): Failed opening 'db_connection.php' for inclusion (include_path='C:\xampp\php\PEAR') in C:\xampp\htdocs\Sem_project\drop_lowest_ct_mark.php on line 6
[02-Jul-2025 18:17:04 Europe/Berlin] PHP Warning:  include(db_connection.php): Failed to open stream: No such file or directory in C:\xampp\htdocs\Sem_project\drop_lowest_ct_mark.php on line 6
[02-Jul-2025 18:17:04 Europe/Berlin] PHP Warning:  include(): Failed opening 'db_connection.php' for inclusion (include_path='C:\xampp\php\PEAR') in C:\xampp\htdocs\Sem_project\drop_lowest_ct_mark.php on line 6
[02-Jul-2025 18:42:09 Europe/Berlin] PHP Warning:  include(db_connection.php): Failed to open stream: No such file or directory in C:\xampp\htdocs\Sem_project\drop_lowest_ct_mark.php on line 6
[02-Jul-2025 18:42:09 Europe/Berlin] PHP Warning:  include(): Failed opening 'db_connection.php' for inclusion (include_path='C:\xampp\php\PEAR') in C:\xampp\htdocs\Sem_project\drop_lowest_ct_mark.php on line 6
[02-Jul-2025 18:42:34 Europe/Berlin] PHP Warning:  include(db_connection.php): Failed to open stream: No such file or directory in C:\xampp\htdocs\Sem_project\drop_lowest_ct_mark.php on line 6
[02-Jul-2025 18:42:34 Europe/Berlin] PHP Warning:  include(): Failed opening 'db_connection.php' for inclusion (include_path='C:\xampp\php\PEAR') in C:\xampp\htdocs\Sem_project\drop_lowest_ct_mark.php on line 6
[02-Jul-2025 18:43:00 Europe/Berlin] PHP Warning:  include(db_connection.php): Failed to open stream: No such file or directory in C:\xampp\htdocs\Sem_project\drop_lowest_ct_mark.php on line 6
[02-Jul-2025 18:43:00 Europe/Berlin] PHP Warning:  include(): Failed opening 'db_connection.php' for inclusion (include_path='C:\xampp\php\PEAR') in C:\xampp\htdocs\Sem_project\drop_lowest_ct_mark.php on line 6
[02-Jul-2025 18:43:27 Europe/Berlin] PHP Warning:  include(db_connection.php): Failed to open stream: No such file or directory in C:\xampp\htdocs\Sem_project\drop_lowest_ct_mark.php on line 6
[02-Jul-2025 18:43:27 Europe/Berlin] PHP Warning:  include(): Failed opening 'db_connection.php' for inclusion (include_path='C:\xampp\php\PEAR') in C:\xampp\htdocs\Sem_project\drop_lowest_ct_mark.php on line 6
[02-Jul-2025 18:45:36 Europe/Berlin] PHP Warning:  include(db_connection.php): Failed to open stream: No such file or directory in C:\xampp\htdocs\Sem_project\drop_lowest_ct_mark.php on line 6
[02-Jul-2025 18:45:36 Europe/Berlin] PHP Warning:  include(): Failed opening 'db_connection.php' for inclusion (include_path='C:\xampp\php\PEAR') in C:\xampp\htdocs\Sem_project\drop_lowest_ct_mark.php on line 6
[02-Jul-2025 18:49:38 Europe/Berlin] PHP Warning:  include(db_connection.php): Failed to open stream: No such file or directory in C:\xampp\htdocs\Sem_project\drop_lowest_ct_mark.php on line 6
[02-Jul-2025 18:49:38 Europe/Berlin] PHP Warning:  include(): Failed opening 'db_connection.php' for inclusion (include_path='C:\xampp\php\PEAR') in C:\xampp\htdocs\Sem_project\drop_lowest_ct_mark.php on line 6
[02-Jul-2025 18:52:06 Europe/Berlin] PHP Warning:  include(db_connection.php): Failed to open stream: No such file or directory in C:\xampp\htdocs\Sem_project\drop_lowest_ct_mark.php on line 6
[02-Jul-2025 18:52:06 Europe/Berlin] PHP Warning:  include(): Failed opening 'db_connection.php' for inclusion (include_path='C:\xampp\php\PEAR') in C:\xampp\htdocs\Sem_project\drop_lowest_ct_mark.php on line 6
[02-Jul-2025 18:52:42 Europe/Berlin] PHP Warning:  include(db_connection.php): Failed to open stream: No such file or directory in C:\xampp\htdocs\Sem_project\drop_lowest_ct_mark.php on line 6
[02-Jul-2025 18:52:42 Europe/Berlin] PHP Warning:  include(): Failed opening 'db_connection.php' for inclusion (include_path='C:\xampp\php\PEAR') in C:\xampp\htdocs\Sem_project\drop_lowest_ct_mark.php on line 6
[02-Jul-2025 19:04:10 Europe/Berlin] PHP Warning:  include(db_connection.php): Failed to open stream: No such file or directory in C:\xampp\htdocs\Sem_project\drop_lowest_ct_mark.php on line 6
[02-Jul-2025 19:04:10 Europe/Berlin] PHP Warning:  include(): Failed opening 'db_connection.php' for inclusion (include_path='C:\xampp\php\PEAR') in C:\xampp\htdocs\Sem_project\drop_lowest_ct_mark.php on line 6
[05-Jul-2025 09:16:18 Europe/Berlin] PHP Warning:  include(db_connection.php): Failed to open stream: No such file or directory in C:\xampp\htdocs\Sem_project\drop_lowest_ct_mark.php on line 6
[05-Jul-2025 09:16:18 Europe/Berlin] PHP Warning:  include(): Failed opening 'db_connection.php' for inclusion (include_path='C:\xampp\php\PEAR') in C:\xampp\htdocs\Sem_project\drop_lowest_ct_mark.php on line 6
[05-Jul-2025 09:17:46 Europe/Berlin] PHP Warning:  include(db_connection.php): Failed to open stream: No such file or directory in C:\xampp\htdocs\Sem_project\drop_lowest_ct_mark.php on line 6
[05-Jul-2025 09:17:46 Europe/Berlin] PHP Warning:  include(): Failed opening 'db_connection.php' for inclusion (include_path='C:\xampp\php\PEAR') in C:\xampp\htdocs\Sem_project\drop_lowest_ct_mark.php on line 6
[05-Jul-2025 09:53:46 Europe/Berlin] PHP Warning:  include(db_connection.php): Failed to open stream: No such file or directory in C:\xampp\htdocs\Sem_project\drop_lowest_ct_mark.php on line 6
[05-Jul-2025 09:53:46 Europe/Berlin] PHP Warning:  include(): Failed opening 'db_connection.php' for inclusion (include_path='C:\xampp\php\PEAR') in C:\xampp\htdocs\Sem_project\drop_lowest_ct_mark.php on line 6
[05-Jul-2025 14:08:45 Europe/Berlin] PHP Warning:  include(db_connection.php): Failed to open stream: No such file or directory in C:\xampp\htdocs\Sem_project\drop_lowest_ct_mark.php on line 6
[05-Jul-2025 14:08:45 Europe/Berlin] PHP Warning:  include(): Failed opening 'db_connection.php' for inclusion (include_path='C:\xampp\php\PEAR') in C:\xampp\htdocs\Sem_project\drop_lowest_ct_mark.php on line 6
[05-Jul-2025 14:09:58 Europe/Berlin] PHP Warning:  include(db_connection.php): Failed to open stream: No such file or directory in C:\xampp\htdocs\Sem_project\drop_lowest_ct_mark.php on line 6
[05-Jul-2025 14:09:58 Europe/Berlin] PHP Warning:  include(): Failed opening 'db_connection.php' for inclusion (include_path='C:\xampp\php\PEAR') in C:\xampp\htdocs\Sem_project\drop_lowest_ct_mark.php on line 6
